#
# There is insufficient memory for the Java Runtime Environment to continue.
# Native memory allocation (malloc) failed to allocate 2128016 bytes for Chunk::new
# Possible reasons:
#   The system is out of physical RAM or swap space
#   In 32 bit mode, the process size limit was hit
# Possible solutions:
#   Reduce memory load on the system
#   Increase physical memory or swap space
#   Check if swap backing store is full
#   Use 64 bit Java on a 64 bit OS
#   Decrease Java heap size (-Xmx/-Xms)
#   Decrease number of Java threads
#   Decrease Java thread stack sizes (-Xss)
#   Set larger code cache with -XX:ReservedCodeCacheSize=
# This output file may be truncated or incomplete.
#
#  Out of Memory Error (allocation.cpp:390), pid=35120, tid=0x0000000000006e6c
#
# JRE version: Java(TM) SE Runtime Environment (8.0_191-b12) (build 1.8.0_191-b12)
# Java VM: Java HotSpot(TM) 64-Bit Server VM (25.191-b12 mixed mode windows-amd64 compressed oops)
# Failed to write core dump. Minidumps are not enabled by default on client versions of Windows
#

---------------  T H R E A D  ---------------

Current thread (0x000000001b609800):  JavaThread "C2 CompilerThread0" daemon [_thread_in_native, id=28268, stack(0x000000001bce0000,0x000000001bde0000)]

Stack: [0x000000001bce0000,0x000000001bde0000]
[error occurred during error reporting (printing stack bounds), id 0xc0000005]

Native frames: (J=compiled Java code, j=interpreted, Vv=VM code, C=native code)


Current CompileTask:
C2:  16275 3046       4       java.net.URLClassLoader$1::run (5 bytes)


---------------  P R O C E S S  ---------------

Java Threads: ( => current thread )
  0x000000001b686800 JavaThread "Service Thread" daemon [_thread_blocked, id=34440, stack(0x000000001bff0000,0x000000001c0f0000)]
  0x000000001b60c000 JavaThread "C1 CompilerThread2" daemon [_thread_in_native, id=21444, stack(0x000000001bee0000,0x000000001bfe0000)]
  0x000000001b60b000 JavaThread "C2 CompilerThread1" daemon [_thread_in_native, id=34784, stack(0x000000001bde0000,0x000000001bee0000)]
=>0x000000001b609800 JavaThread "C2 CompilerThread0" daemon [_thread_in_native, id=28268, stack(0x000000001bce0000,0x000000001bde0000)]
  0x000000001b605000 JavaThread "Monitor Ctrl-Break" daemon [_thread_in_native, id=12864, stack(0x000000001bbe0000,0x000000001bce0000)]
  0x000000001a243800 JavaThread "Attach Listener" daemon [_thread_blocked, id=25272, stack(0x000000001bae0000,0x000000001bbe0000)]
  0x000000001a289800 JavaThread "Signal Dispatcher" daemon [_thread_blocked, id=18952, stack(0x000000001b9e0000,0x000000001bae0000)]
  0x000000000315a000 JavaThread "Finalizer" daemon [_thread_blocked, id=34868, stack(0x000000001b480000,0x000000001b580000)]
  0x0000000003156000 JavaThread "Reference Handler" daemon [_thread_blocked, id=37128, stack(0x000000001b380000,0x000000001b480000)]
  0x0000000003066800 JavaThread "main" [_thread_in_Java, id=37004, stack(0x0000000002e10000,0x0000000002f10000)]

Other Threads:
  0x000000001a1f7800 VMThread [stack: 0x000000001b280000,0x000000001b380000] [id=35724]
  0x000000001b6bb000 WatcherThread [stack: 0x000000001c0f0000,0x000000001c1f0000] [id=35496]

VM state:not at safepoint (normal execution)

VM Mutex/Monitor currently owned by a thread: None

Heap:
 PSYoungGen      total 150016K, used 133777K [0x0000000780600000, 0x000000078da80000, 0x00000007c0000000)
  eden space 135168K, 91% used [0x0000000780600000,0x0000000787ebd560,0x0000000788a00000)
  from space 14848K, 68% used [0x0000000788a00000,0x00000007893e6ff8,0x0000000789880000)
  to   space 14848K, 0% used [0x000000078cc00000,0x000000078cc00000,0x000000078da80000)
 ParOldGen       total 95232K, used 12029K [0x0000000701200000, 0x0000000706f00000, 0x0000000780600000)
  object space 95232K, 12% used [0x0000000701200000,0x0000000701dbf610,0x0000000706f00000)
 Metaspace       used 28591K, capacity 28950K, committed 29312K, reserved 1075200K
  class space    used 3610K, capacity 3704K, committed 3712K, reserved 1048576K

Card table byte_map: [0x0000000012520000,0x0000000012b20000] byte_map_base: 0x000000000ed17000

Marking Bits: (ParMarkBitMap*) 0x0000000071043e30
 Begin Bits: [0x0000000013320000, 0x00000000162d8000)
 End Bits:   [0x00000000162d8000, 0x0000000019290000)

Polling page: 0x0000000002830000

CodeCache: size=245760Kb used=11155Kb max_used=11155Kb free=234605Kb
 bounds [0x0000000003160000, 0x0000000003c50000, 0x0000000012160000]
 total_blobs=3117 nmethods=2736 adapters=292
 compilation: enabled

Compilation events (10 events):
Event: 16.260 Thread 0x000000001b60c000 nmethod 3120 0x0000000003c3fe10 code [0x0000000003c3ff60, 0x0000000003c40070]
Event: 16.260 Thread 0x000000001b60c000 3121       3       java.lang.Thread::getContextClassLoader (32 bytes)
Event: 16.261 Thread 0x000000001b60c000 nmethod 3121 0x0000000003c400d0 code [0x0000000003c402a0, 0x0000000003c40bb8]
Event: 16.262 Thread 0x000000001b60c000 3122       1       java.beans.Introspector::getTargetDefaultEventIndex (5 bytes)
Event: 16.262 Thread 0x000000001b60c000 nmethod 3122 0x0000000003c40f90 code [0x0000000003c410e0, 0x0000000003c411f0]
Event: 16.262 Thread 0x000000001b60c000 3123       1       java.beans.Introspector::getTargetDefaultPropertyIndex (5 bytes)
Event: 16.263 Thread 0x000000001b60c000 nmethod 3123 0x0000000003c41250 code [0x0000000003c413a0, 0x0000000003c414b0]
Event: 16.264 Thread 0x000000001b60c000 3124       1       org.springframework.beans.AbstractNestablePropertyAccessor::getWrappedInstance (5 bytes)
Event: 16.264 Thread 0x000000001b60c000 nmethod 3124 0x0000000003c41510 code [0x0000000003c41660, 0x0000000003c41770]
Event: 16.266 Thread 0x000000001b60c000 3125   !   3       org.springframework.beans.factory.support.DefaultListableBeanFactory::doGetBeanNamesForType (593 bytes)

GC Heap History (10 events):
Event: 5.896 GC heap before
{Heap before GC invocations=4 (full 0):
 PSYoungGen      total 57344K, used 41585K [0x0000000780600000, 0x0000000787600000, 0x00000007c0000000)
  eden space 49152K, 67% used [0x0000000780600000,0x000000078269cea8,0x0000000783600000)
  from space 8192K, 99% used [0x0000000783600000,0x0000000783dff7b0,0x0000000783e00000)
  to   space 8192K, 0% used [0x0000000786e00000,0x0000000786e00000,0x0000000787600000)
 ParOldGen       total 131072K, used 6571K [0x0000000701200000, 0x0000000709200000, 0x0000000780600000)
  object space 131072K, 5% used [0x0000000701200000,0x000000070186ad48,0x0000000709200000)
 Metaspace       used 20969K, capacity 21098K, committed 21296K, reserved 1069056K
  class space    used 2545K, capacity 2576K, committed 2688K, reserved 1048576K
Event: 5.920 GC heap after
Heap after GC invocations=4 (full 0):
 PSYoungGen      total 106496K, used 8167K [0x0000000780600000, 0x0000000787600000, 0x00000007c0000000)
  eden space 98304K, 0% used [0x0000000780600000,0x0000000780600000,0x0000000786600000)
  from space 8192K, 99% used [0x0000000786e00000,0x00000007875f9c20,0x0000000787600000)
  to   space 8192K, 0% used [0x0000000786600000,0x0000000786600000,0x0000000786e00000)
 ParOldGen       total 131072K, used 9613K [0x0000000701200000, 0x0000000709200000, 0x0000000780600000)
  object space 131072K, 7% used [0x0000000701200000,0x0000000701b637c0,0x0000000709200000)
 Metaspace       used 20969K, capacity 21098K, committed 21296K, reserved 1069056K
  class space    used 2545K, capacity 2576K, committed 2688K, reserved 1048576K
}
Event: 5.920 GC heap before
{Heap before GC invocations=5 (full 1):
 PSYoungGen      total 106496K, used 8167K [0x0000000780600000, 0x0000000787600000, 0x00000007c0000000)
  eden space 98304K, 0% used [0x0000000780600000,0x0000000780600000,0x0000000786600000)
  from space 8192K, 99% used [0x0000000786e00000,0x00000007875f9c20,0x0000000787600000)
  to   space 8192K, 0% used [0x0000000786600000,0x0000000786600000,0x0000000786e00000)
 ParOldGen       total 131072K, used 9613K [0x0000000701200000, 0x0000000709200000, 0x0000000780600000)
  object space 131072K, 7% used [0x0000000701200000,0x0000000701b637c0,0x0000000709200000)
 Metaspace       used 20969K, capacity 21098K, committed 21296K, reserved 1069056K
  class space    used 2545K, capacity 2576K, committed 2688K, reserved 1048576K
Event: 6.045 GC heap after
Heap after GC invocations=5 (full 1):
 PSYoungGen      total 106496K, used 0K [0x0000000780600000, 0x0000000787600000, 0x00000007c0000000)
  eden space 98304K, 0% used [0x0000000780600000,0x0000000780600000,0x0000000786600000)
  from space 8192K, 0% used [0x0000000786e00000,0x0000000786e00000,0x0000000787600000)
  to   space 8192K, 0% used [0x0000000786600000,0x0000000786600000,0x0000000786e00000)
 ParOldGen       total 95232K, used 12005K [0x0000000701200000, 0x0000000706f00000, 0x0000000780600000)
  object space 95232K, 12% used [0x0000000701200000,0x0000000701db9610,0x0000000706f00000)
 Metaspace       used 20969K, capacity 21098K, committed 21296K, reserved 1069056K
  class space    used 2545K, capacity 2576K, committed 2688K, reserved 1048576K
}
Event: 9.663 GC heap before
{Heap before GC invocations=6 (full 1):
 PSYoungGen      total 106496K, used 98304K [0x0000000780600000, 0x0000000787600000, 0x00000007c0000000)
  eden space 98304K, 100% used [0x0000000780600000,0x0000000786600000,0x0000000786600000)
  from space 8192K, 0% used [0x0000000786e00000,0x0000000786e00000,0x0000000787600000)
  to   space 8192K, 0% used [0x0000000786600000,0x0000000786600000,0x0000000786e00000)
 ParOldGen       total 95232K, used 12005K [0x0000000701200000, 0x0000000706f00000, 0x0000000780600000)
  object space 95232K, 12% used [0x0000000701200000,0x0000000701db9610,0x0000000706f00000)
 Metaspace       used 22409K, capacity 22692K, committed 22960K, reserved 1069056K
  class space    used 2702K, capacity 2789K, committed 2816K, reserved 1048576K
Event: 9.672 GC heap after
Heap after GC invocations=6 (full 1):
 PSYoungGen      total 106496K, used 4803K [0x0000000780600000, 0x000000078a800000, 0x00000007c0000000)
  eden space 98304K, 0% used [0x0000000780600000,0x0000000780600000,0x0000000786600000)
  from space 8192K, 58% used [0x0000000786600000,0x0000000786ab0dc0,0x0000000786e00000)
  to   space 15872K, 0% used [0x0000000789880000,0x0000000789880000,0x000000078a800000)
 ParOldGen       total 95232K, used 12013K [0x0000000701200000, 0x0000000706f00000, 0x0000000780600000)
  object space 95232K, 12% used [0x0000000701200000,0x0000000701dbb610,0x0000000706f00000)
 Metaspace       used 22409K, capacity 22692K, committed 22960K, reserved 1069056K
  class space    used 2702K, capacity 2789K, committed 2816K, reserved 1048576K
}
Event: 11.113 GC heap before
{Heap before GC invocations=7 (full 1):
 PSYoungGen      total 106496K, used 103107K [0x0000000780600000, 0x000000078a800000, 0x00000007c0000000)
  eden space 98304K, 100% used [0x0000000780600000,0x0000000786600000,0x0000000786600000)
  from space 8192K, 58% used [0x0000000786600000,0x0000000786ab0dc0,0x0000000786e00000)
  to   space 15872K, 0% used [0x0000000789880000,0x0000000789880000,0x000000078a800000)
 ParOldGen       total 95232K, used 12013K [0x0000000701200000, 0x0000000706f00000, 0x0000000780600000)
  object space 95232K, 12% used [0x0000000701200000,0x0000000701dbb610,0x0000000706f00000)
 Metaspace       used 24132K, capacity 24482K, committed 24832K, reserved 1071104K
  class space    used 2924K, capacity 3018K, committed 3072K, reserved 1048576K
Event: 11.145 GC heap after
Heap after GC invocations=7 (full 1):
 PSYoungGen      total 151040K, used 8833K [0x0000000780600000, 0x000000078aa80000, 0x00000007c0000000)
  eden space 135168K, 0% used [0x0000000780600000,0x0000000780600000,0x0000000788a00000)
  from space 15872K, 55% used [0x0000000789880000,0x000000078a120600,0x000000078a800000)
  to   space 14848K, 0% used [0x0000000788a00000,0x0000000788a00000,0x0000000789880000)
 ParOldGen       total 95232K, used 12021K [0x0000000701200000, 0x0000000706f00000, 0x0000000780600000)
  object space 95232K, 12% used [0x0000000701200000,0x0000000701dbd610,0x0000000706f00000)
 Metaspace       used 24132K, capacity 24482K, committed 24832K, reserved 1071104K
  class space    used 2924K, capacity 3018K, committed 3072K, reserved 1048576K
}
Event: 13.748 GC heap before
{Heap before GC invocations=8 (full 1):
 PSYoungGen      total 151040K, used 144001K [0x0000000780600000, 0x000000078aa80000, 0x00000007c0000000)
  eden space 135168K, 100% used [0x0000000780600000,0x0000000788a00000,0x0000000788a00000)
  from space 15872K, 55% used [0x0000000789880000,0x000000078a120600,0x000000078a800000)
  to   space 14848K, 0% used [0x0000000788a00000,0x0000000788a00000,0x0000000789880000)
 ParOldGen       total 95232K, used 12021K [0x0000000701200000, 0x0000000706f00000, 0x0000000780600000)
  object space 95232K, 12% used [0x0000000701200000,0x0000000701dbd610,0x0000000706f00000)
 Metaspace       used 26123K, capacity 26438K, committed 26752K, reserved 1073152K
  class space    used 3273K, capacity 3344K, committed 3456K, reserved 1048576K
Event: 13.774 GC heap after
Heap after GC invocations=8 (full 1):
 PSYoungGen      total 150016K, used 10139K [0x0000000780600000, 0x000000078da80000, 0x00000007c0000000)
  eden space 135168K, 0% used [0x0000000780600000,0x0000000780600000,0x0000000788a00000)
  from space 14848K, 68% used [0x0000000788a00000,0x00000007893e6ff8,0x0000000789880000)
  to   space 14848K, 0% used [0x000000078cc00000,0x000000078cc00000,0x000000078da80000)
 ParOldGen       total 95232K, used 12029K [0x0000000701200000, 0x0000000706f00000, 0x0000000780600000)
  object space 95232K, 12% used [0x0000000701200000,0x0000000701dbf610,0x0000000706f00000)
 Metaspace       used 26123K, capacity 26438K, committed 26752K, reserved 1073152K
  class space    used 3273K, capacity 3344K, committed 3456K, reserved 1048576K
}

Deoptimization events (10 events):
Event: 15.265 Thread 0x0000000003066800 Uncommon trap: reason=unstable_if action=reinterpret pc=0x00000000034621f0 method=java.util.WeakHashMap.remove(Ljava/lang/Object;)Ljava/lang/Object; @ 94
Event: 15.280 Thread 0x0000000003066800 Uncommon trap: reason=unstable_if action=reinterpret pc=0x00000000039d2048 method=org.springframework.asm.ClassReader.readCode(Lorg/springframework/asm/MethodVisitor;Lorg/springframework/asm/Context;I)V @ 826
Event: 15.282 Thread 0x0000000003066800 Uncommon trap: reason=class_check action=maybe_recompile pc=0x00000000035a0648 method=java.util.concurrent.ConcurrentHashMap.putVal(Ljava/lang/Object;Ljava/lang/Object;Z)Ljava/lang/Object; @ 192
Event: 15.287 Thread 0x0000000003066800 Uncommon trap: reason=class_check action=maybe_recompile pc=0x00000000035a0648 method=java.util.concurrent.ConcurrentHashMap.putVal(Ljava/lang/Object;Ljava/lang/Object;Z)Ljava/lang/Object; @ 192
Event: 15.288 Thread 0x0000000003066800 Uncommon trap: reason=class_check action=maybe_recompile pc=0x00000000035a0648 method=java.util.concurrent.ConcurrentHashMap.putVal(Ljava/lang/Object;Ljava/lang/Object;Z)Ljava/lang/Object; @ 192
Event: 15.288 Thread 0x0000000003066800 Uncommon trap: reason=class_check action=maybe_recompile pc=0x00000000035a0648 method=java.util.concurrent.ConcurrentHashMap.putVal(Ljava/lang/Object;Ljava/lang/Object;Z)Ljava/lang/Object; @ 192
Event: 15.304 Thread 0x0000000003066800 Uncommon trap: reason=unloaded action=reinterpret pc=0x00000000034a3fe4 method=java.lang.Class.createAnnotationData(I)Ljava/lang/Class$AnnotationData; @ 98
Event: 15.371 Thread 0x0000000003066800 Uncommon trap: reason=unstable_if action=reinterpret pc=0x0000000003b502fc method=org.springframework.beans.factory.support.AbstractAutowireCapableBeanFactory.predictBeanType(Ljava/lang/String;Lorg/springframework/beans/factory/support/RootBeanDefinition;
Event: 15.788 Thread 0x0000000003066800 Uncommon trap: reason=null_check action=make_not_entrant pc=0x00000000038c57cc method=org.springframework.util.ClassUtils.isAssignable(Ljava/lang/Class;Ljava/lang/Class;)Z @ 14
Event: 15.829 Thread 0x0000000003066800 Uncommon trap: reason=predicate action=maybe_recompile pc=0x00000000033de480 method=org.springframework.asm.ClassReader.readMethod(Lorg/springframework/asm/ClassVisitor;Lorg/springframework/asm/Context;I)I @ 804

Classes redefined (0 events):
No events

Internal exceptions (10 events):
Event: 16.236 Thread 0x0000000003066800 Exception <a 'java/lang/ClassNotFoundException': org/springframework/beans/factory/BeanFactoryAwareCustomizer> (0x0000000787d016d0) thrown at [C:\re\workspace\8-2-build-windows-amd64-cygwin\jdk8u191\11896\hotspot\src\share\vm\classfile\systemDictionary.cp
Event: 16.237 Thread 0x0000000003066800 Exception <a 'java/lang/ClassNotFoundException': org/springframework/beans/factory/config/BeanPostProcessorCustomizer> (0x0000000787d1c638) thrown at [C:\re\workspace\8-2-build-windows-amd64-cygwin\jdk8u191\11896\hotspot\src\share\vm\classfile\systemDicti
Event: 16.238 Thread 0x0000000003066800 Exception <a 'java/lang/ClassNotFoundException': org/springframework/core/OrderedCustomizer> (0x0000000787d306a8) thrown at [C:\re\workspace\8-2-build-windows-amd64-cygwin\jdk8u191\11896\hotspot\src\share\vm\classfile\systemDictionary.cpp, line 210]
Event: 16.239 Thread 0x0000000003066800 Exception <a 'java/lang/ClassNotFoundException': org/springframework/beans/factory/BeanClassLoaderAwareCustomizer> (0x0000000787d49b58) thrown at [C:\re\workspace\8-2-build-windows-amd64-cygwin\jdk8u191\11896\hotspot\src\share\vm\classfile\systemDictionar
Event: 16.247 Thread 0x0000000003066800 Exception <a 'java/lang/ClassNotFoundException': org/springframework/aop/framework/AopInfrastructureBeanCustomizer> (0x0000000787d635a0) thrown at [C:\re\workspace\8-2-build-windows-amd64-cygwin\jdk8u191\11896\hotspot\src\share\vm\classfile\systemDictiona
Event: 16.247 Thread 0x0000000003066800 Exception <a 'java/lang/ClassNotFoundException': java/io/SerializableCustomizer> (0x0000000787d6b900) thrown at [C:\re\workspace\8-2-build-windows-amd64-cygwin\jdk8u191\11896\hotspot\src\share\vm\classfile\systemDictionary.cpp, line 210]
Event: 16.256 Thread 0x0000000003066800 Exception <a 'java/lang/ClassNotFoundException': java/lang/ObjectCustomizer> (0x0000000787dac0d0) thrown at [C:\re\workspace\8-2-build-windows-amd64-cygwin\jdk8u191\11896\hotspot\src\share\vm\classfile\systemDictionary.cpp, line 210]
Event: 16.259 Thread 0x0000000003066800 Exception <a 'java/lang/ClassNotFoundException': org/springframework/boot/context/embedded/EmbeddedServletContainerCustomizerBeanPostProcessorCustomizer> (0x0000000787dd2038) thrown at [C:\re\workspace\8-2-build-windows-amd64-cygwin\jdk8u191\11896\hotspot
Event: 16.262 Thread 0x0000000003066800 Exception <a 'java/lang/ClassNotFoundException': org/springframework/beans/factory/config/BeanPostProcessorCustomizer> (0x0000000787df0b30) thrown at [C:\re\workspace\8-2-build-windows-amd64-cygwin\jdk8u191\11896\hotspot\src\share\vm\classfile\systemDicti
Event: 16.264 Thread 0x0000000003066800 Exception <a 'java/lang/ClassNotFoundException': org/springframework/context/ApplicationContextAwareCustomizer> (0x0000000787e0a0c0) thrown at [C:\re\workspace\8-2-build-windows-amd64-cygwin\jdk8u191\11896\hotspot\src\share\vm\classfile\systemDictionary.c

Events (10 events):
Event: 16.262 loading class org/springframework/beans/factory/config/BeanPostProcessorCustomizer
Event: 16.262 loading class org/springframework/beans/factory/config/BeanPostProcessorCustomizer done
Event: 16.263 loading class org/springframework/context/ApplicationContextAwareCustomizer
Event: 16.263 loading class org/springframework/context/ApplicationContextAwareCustomizer done
Event: 16.263 loading class org/springframework/context/ApplicationContextAwareCustomizer
Event: 16.263 loading class org/springframework/context/ApplicationContextAwareCustomizer done
Event: 16.264 loading class org/springframework/context/ApplicationContextAwareCustomizer
Event: 16.264 loading class org/springframework/context/ApplicationContextAwareCustomizer done
Event: 16.264 loading class org/springframework/boot/test/mock/mockito/MockitoPostProcessor$1
Event: 16.264 loading class org/springframework/boot/test/mock/mockito/MockitoPostProcessor$1 done


Dynamic libraries:
0x00007ff6a5770000 - 0x00007ff6a57a7000 	D:\Java_dev\Java\jdk1.8.0_191\bin\java.exe
0x00007fff72ad0000 - 0x00007fff72cb1000 	C:\WINDOWS\SYSTEM32\ntdll.dll
0x00007fff728b0000 - 0x00007fff72961000 	C:\WINDOWS\System32\KERNEL32.DLL
0x00007fff6f330000 - 0x00007fff6f5a3000 	C:\WINDOWS\System32\KERNELBASE.dll
0x00007fff71890000 - 0x00007fff71931000 	C:\WINDOWS\System32\ADVAPI32.dll
0x00007fff723f0000 - 0x00007fff7248e000 	C:\WINDOWS\System32\msvcrt.dll
0x00007fff721c0000 - 0x00007fff7221b000 	C:\WINDOWS\System32\sechost.dll
0x00007fff725f0000 - 0x00007fff72714000 	C:\WINDOWS\System32\RPCRT4.dll
0x00007fff72720000 - 0x00007fff728b0000 	C:\WINDOWS\System32\USER32.dll
0x00007fff6f1e0000 - 0x00007fff6f200000 	C:\WINDOWS\System32\win32u.dll
0x00007fff725c0000 - 0x00007fff725e8000 	C:\WINDOWS\System32\GDI32.dll
0x00007fff6fcc0000 - 0x00007fff6fe52000 	C:\WINDOWS\System32\gdi32full.dll
0x00007fff6fe60000 - 0x00007fff6feff000 	C:\WINDOWS\System32\msvcp_win.dll
0x00007fff6f090000 - 0x00007fff6f188000 	C:\WINDOWS\System32\ucrtbase.dll
0x00007fff62ad0000 - 0x00007fff62d39000 	C:\WINDOWS\WinSxS\amd64_microsoft.windows.common-controls_6595b64144ccf1df_6.0.17134.706_none_fb43a2cb30647007\COMCTL32.dll
0x00007fff71560000 - 0x00007fff71882000 	C:\WINDOWS\System32\combase.dll
0x00007fff6f200000 - 0x00007fff6f27a000 	C:\WINDOWS\System32\bcryptPrimitives.dll
0x00007fff71940000 - 0x00007fff7196d000 	C:\WINDOWS\System32\IMM32.DLL
0x00000000722d0000 - 0x00000000723a2000 	D:\Java_dev\Java\jdk1.8.0_191\jre\bin\msvcr100.dll
0x0000000070820000 - 0x00000000710c4000 	D:\Java_dev\Java\jdk1.8.0_191\jre\bin\server\jvm.dll
0x00007fff71440000 - 0x00007fff71448000 	C:\WINDOWS\System32\PSAPI.DLL
0x00007fff6ba70000 - 0x00007fff6ba93000 	C:\WINDOWS\SYSTEM32\WINMM.dll
0x00007fff53c10000 - 0x00007fff53c19000 	C:\WINDOWS\SYSTEM32\WSOCK32.dll
0x00007fff72380000 - 0x00007fff723ec000 	C:\WINDOWS\System32\WS2_32.dll
0x00007fff6ba40000 - 0x00007fff6ba6a000 	C:\WINDOWS\SYSTEM32\WINMMBASE.dll
0x00007fff6f190000 - 0x00007fff6f1d9000 	C:\WINDOWS\System32\cfgmgr32.dll
0x00007fff60870000 - 0x00007fff6087a000 	C:\WINDOWS\SYSTEM32\VERSION.dll
0x0000000073b70000 - 0x0000000073b7f000 	D:\Java_dev\Java\jdk1.8.0_191\jre\bin\verify.dll
0x0000000073b40000 - 0x0000000073b69000 	D:\Java_dev\Java\jdk1.8.0_191\jre\bin\java.dll
0x0000000072700000 - 0x0000000072723000 	D:\Java_dev\Java\jdk1.8.0_191\jre\bin\instrument.dll
0x0000000073b20000 - 0x0000000073b36000 	D:\Java_dev\Java\jdk1.8.0_191\jre\bin\zip.dll
0x00007fff6ff60000 - 0x00007fff713a0000 	C:\WINDOWS\System32\SHELL32.dll
0x00007fff72490000 - 0x00007fff72539000 	C:\WINDOWS\System32\shcore.dll
0x00007fff6f5b0000 - 0x00007fff6fcbd000 	C:\WINDOWS\System32\windows.storage.dll
0x00007fff72a40000 - 0x00007fff72a91000 	C:\WINDOWS\System32\shlwapi.dll
0x00007fff6ee80000 - 0x00007fff6ee91000 	C:\WINDOWS\System32\kernel.appcore.dll
0x00007fff6ede0000 - 0x00007fff6edff000 	C:\WINDOWS\System32\profapi.dll
0x00007fff6ee10000 - 0x00007fff6ee5c000 	C:\WINDOWS\System32\powrprof.dll
0x00007fff6ee00000 - 0x00007fff6ee0a000 	C:\WINDOWS\System32\FLTLIB.DLL
0x00007fff68ad0000 - 0x00007fff68aea000 	D:\App\IntelliJ IDEA 2019.1\bin\breakgen64.dll
0x0000000073b00000 - 0x0000000073b1a000 	D:\Java_dev\Java\jdk1.8.0_191\jre\bin\net.dll
0x00007fff6e660000 - 0x00007fff6e6c6000 	C:\WINDOWS\system32\mswsock.dll
0x00000000722c0000 - 0x00000000722cd000 	D:\Java_dev\Java\jdk1.8.0_191\jre\bin\management.dll
0x00007fff52820000 - 0x00007fff52836000 	C:\WINDOWS\system32\napinsp.dll
0x00007fff526d0000 - 0x00007fff526ea000 	C:\WINDOWS\system32\pnrpnsp.dll
0x00007fff6bbf0000 - 0x00007fff6bc09000 	C:\WINDOWS\system32\NLAapi.dll
0x00007fff6e420000 - 0x00007fff6e4de000 	C:\WINDOWS\SYSTEM32\DNSAPI.dll
0x00007fff71550000 - 0x00007fff71558000 	C:\WINDOWS\System32\NSI.dll
0x00007fff6e3e0000 - 0x00007fff6e418000 	C:\WINDOWS\SYSTEM32\IPHLPAPI.DLL
0x00007fff520e0000 - 0x00007fff520ee000 	C:\WINDOWS\System32\winrnr.dll
0x00007fff520c0000 - 0x00007fff520d5000 	C:\WINDOWS\System32\wshbth.dll
0x00007fff5a7f0000 - 0x00007fff5a7fa000 	C:\Windows\System32\rasadhlp.dll
0x00007fff5da10000 - 0x00007fff5da82000 	C:\WINDOWS\System32\fwpuclnt.dll
0x00007fff6e940000 - 0x00007fff6e965000 	C:\WINDOWS\SYSTEM32\bcrypt.dll
0x0000000073ae0000 - 0x0000000073af1000 	D:\Java_dev\Java\jdk1.8.0_191\jre\bin\nio.dll

VM Arguments:
jvm_args: -ea -Didea.test.cyclic.buffer.size=1048576 -javaagent:D:\App\IntelliJ IDEA 2019.1\lib\idea_rt.jar=63832:D:\App\IntelliJ IDEA 2019.1\bin -Dfile.encoding=UTF-8 
java_command: com.intellij.rt.execution.junit.JUnitStarter -ideVersion5 -junit4 com.config.RedisConfigTest,testMap
java_class_path (initial): D:\App\IntelliJ IDEA 2019.1\lib\idea_rt.jar;D:\App\IntelliJ IDEA 2019.1\plugins\junit\lib\junit-rt.jar;D:\App\IntelliJ IDEA 2019.1\plugins\junit\lib\junit5-rt.jar;D:\Java_dev\Java\jdk1.8.0_191\jre\lib\charsets.jar;D:\Java_dev\Java\jdk1.8.0_191\jre\lib\deploy.jar;D:\Java_dev\Java\jdk1.8.0_191\jre\lib\ext\access-bridge-64.jar;D:\Java_dev\Java\jdk1.8.0_191\jre\lib\ext\cldrdata.jar;D:\Java_dev\Java\jdk1.8.0_191\jre\lib\ext\dnsns.jar;D:\Java_dev\Java\jdk1.8.0_191\jre\lib\ext\jaccess.jar;D:\Java_dev\Java\jdk1.8.0_191\jre\lib\ext\jfxrt.jar;D:\Java_dev\Java\jdk1.8.0_191\jre\lib\ext\localedata.jar;D:\Java_dev\Java\jdk1.8.0_191\jre\lib\ext\nashorn.jar;D:\Java_dev\Java\jdk1.8.0_191\jre\lib\ext\sunec.jar;D:\Java_dev\Java\jdk1.8.0_191\jre\lib\ext\sunjce_provider.jar;D:\Java_dev\Java\jdk1.8.0_191\jre\lib\ext\sunmscapi.jar;D:\Java_dev\Java\jdk1.8.0_191\jre\lib\ext\sunpkcs11.jar;D:\Java_dev\Java\jdk1.8.0_191\jre\lib\ext\zipfs.jar;D:\Java_dev\Java\jdk1.8.0_191\jre\lib\javaws.jar;D:\Java_dev\Java\jdk1.8.0_191\jre\lib\jce.jar;D:\Java_dev\Java\jdk1.8.0_191\jre\lib\jfr.jar;D:\Java_dev\Java\jdk1.8.0_191\jre\lib\jfxswt.jar;D:\Java_dev\Java\jdk1.8.0_191\jre\lib\jsse.jar;D:\Java_dev\Java\jdk1.8.0_191\jre\lib\management-agent.jar;D:\Java_dev\Java\jdk1.8.0_191\jre\lib\plugin.jar;D:\Java_dev\Java\jdk1.8.0_191\jre\lib\resources.jar;D:\Java_dev\Java\jdk1.8.0_191\jre\lib\rt.jar;E:\JAVA\Java_dev\git_repository\My Demo\springbootRedis-RedisTemplate\target\test-classes;E:\JAVA\Java_dev\git_repository\My Demo\springbootRedis-RedisTemplate\target\classes;E:\JAVA\Java_dev\maven-repository\org\springframework\boot\spring-boot-starter-web\1.5.1.RELEASE\spring-boot-starter-web-1.5.1.RELEASE.jar;E:\JAVA\Java_dev\maven-repository\org\springframework\boot\spring-boot-starter\1.5.1.RELEASE\spring-boot-starter-1.5.1.RELEASE.jar;E:\JAVA\Java_dev\maven-repository\org\springframework\boot\spring-boot\1.5.1.RELEASE\spring-boot-1.5.1.RELEASE.jar;E:\JAVA\Java_dev\maven-repository\org\spr
Launcher Type: SUN_STANDARD

Environment Variables:
JAVA_HOME=D:\Java_dev\Java\jdk1.8.0_191
JRE_HOME=D:\Java_dev\Java\jre1.8.0_191
CLASSPATH=.;D:\Java_dev\Java\jdk1.8.0_191\bin;D:\Java_dev\Java\jdk1.8.0_191\lib\dt.jar;D:\Java_dev\Java\jdk1.8.0_191\lib\tools.jar
PATH=C:\Program Files (x86)\Common Files\Oracle\Java\javapath;D:\Java_dev\app\USER\product\11.2.0\dbhome_1\bin;C:\WINDOWS\system32;C:\WINDOWS;C:\WINDOWS\System32\Wbem;C:\WINDOWS\System32\WindowsPowerShell\v1.0\;D:\Java_dev\Java\jdk1.8.0_191\bin;D:\Java_dev\Java\jdk1.8.0_191\jre\bin;C:\WINDOWS\System32\OpenSSH\;D:\Java_dev\mysql-5.7.24-winx64\bin;E:\JAVA\Java_dev\apache-maven-3.6.0\bin;D:\App\PuTTY\;D:\App\TortoiseGit\bin;C:\Users\USER\AppData\Local\Microsoft\WindowsApps;
USERNAME=USER
OS=Windows_NT
PROCESSOR_IDENTIFIER=Intel64 Family 6 Model 69 Stepping 1, GenuineIntel



---------------  S Y S T E M  ---------------

OS: Windows 10.0 , 64 bit Build 17134 (10.0.17134.706)

CPU:total 4 (initial active 4) (2 cores per cpu, 2 threads per core) family 6 model 69 stepping 1, cmov, cx8, fxsr, mmx, sse, sse2, sse3, ssse3, sse4.1, sse4.2, popcnt, avx, avx2, aes, clmul, erms, lzcnt, ht, tsc, tscinvbit, bmi1, bmi2

Memory: 4k page, physical 12504344k(4133616k free), swap 18727988k(5384k free)

vm_info: Java HotSpot(TM) 64-Bit Server VM (25.191-b12) for windows-amd64 JRE (1.8.0_191-b12), built on Oct  6 2018 09:29:03 by "java_re" with MS VC++ 10.0 (VS2010)

time: Sun May 19 06:44:26 2019
elapsed time: 16 seconds (0d 0h 0m 16s)

