#
# There is insufficient memory for the Java Runtime Environment to continue.
# Native memory allocation (malloc) failed to allocate 32744 bytes for ChunkPool::allocate
# Possible reasons:
#   The system is out of physical RAM or swap space
#   In 32 bit mode, the process size limit was hit
# Possible solutions:
#   Reduce memory load on the system
#   Increase physical memory or swap space
#   Check if swap backing store is full
#   Use 64 bit Java on a 64 bit OS
#   Decrease Java heap size (-Xmx/-Xms)
#   Decrease number of Java threads
#   Decrease Java thread stack sizes (-Xss)
#   Set larger code cache with -XX:ReservedCodeCacheSize=
# This output file may be truncated or incomplete.
#
#  Out of Memory Error (allocation.cpp:273), pid=30604, tid=0x000000000000868c
#
# JRE version: Java(TM) SE Runtime Environment (8.0_191-b12) (build 1.8.0_191-b12)
# Java VM: Java HotSpot(TM) 64-Bit Server VM (25.191-b12 mixed mode windows-amd64 compressed oops)
# Failed to write core dump. Minidumps are not enabled by default on client versions of Windows
#

---------------  T H R E A D  ---------------

Current thread (0x000000001b927000):  JavaThread "C2 CompilerThread1" daemon [_thread_in_native, id=34444, stack(0x000000001bf90000,0x000000001c090000)]

Stack: [0x000000001bf90000,0x000000001c090000]
[error occurred during error reporting (printing stack bounds), id 0xc0000005]

Native frames: (J=compiled Java code, j=interpreted, Vv=VM code, C=native code)


Current CompileTask:
C2:  35286 3836       4       org.codehaus.groovy.runtime.metaclass.MetaMethodIndex::addMethodToList (284 bytes)


---------------  P R O C E S S  ---------------

Java Threads: ( => current thread )
  0x000000001b87d000 JavaThread "commons-pool-EvictionTimer" daemon [_thread_blocked, id=36960, stack(0x0000000021020000,0x0000000021120000)]
  0x000000001b98b000 JavaThread "Service Thread" daemon [_thread_blocked, id=35872, stack(0x000000001c990000,0x000000001ca90000)]
  0x000000001b92a000 JavaThread "C1 CompilerThread2" daemon [_thread_blocked, id=22108, stack(0x000000001c090000,0x000000001c190000)]
=>0x000000001b927000 JavaThread "C2 CompilerThread1" daemon [_thread_in_native, id=34444, stack(0x000000001bf90000,0x000000001c090000)]
  0x000000001b8a9000 JavaThread "C2 CompilerThread0" daemon [_thread_in_native, id=35144, stack(0x000000001be90000,0x000000001bf90000)]
  0x000000001a26f000 JavaThread "JDWP Command Reader" daemon [_thread_in_native, id=24712, stack(0x000000001bd90000,0x000000001be90000)]
  0x000000001a26e000 JavaThread "JDWP Event Helper Thread" daemon [_thread_blocked, id=33136, stack(0x000000001bc90000,0x000000001bd90000)]
  0x000000001a25d000 JavaThread "JDWP Transport Listener: dt_socket" daemon [_thread_blocked, id=30552, stack(0x000000001bb90000,0x000000001bc90000)]
  0x000000001a258000 JavaThread "Attach Listener" daemon [_thread_blocked, id=33220, stack(0x000000001ba90000,0x000000001bb90000)]
  0x000000001a246000 JavaThread "Signal Dispatcher" daemon [_thread_blocked, id=31176, stack(0x000000001b990000,0x000000001ba90000)]
  0x000000000315b000 JavaThread "Finalizer" daemon [_thread_blocked, id=36888, stack(0x000000001b490000,0x000000001b590000)]
  0x0000000003158000 JavaThread "Reference Handler" daemon [_thread_blocked, id=37684, stack(0x000000001b390000,0x000000001b490000)]
  0x0000000003067000 JavaThread "main" [_thread_blocked, id=36164, stack(0x0000000002d90000,0x0000000002e90000)]

Other Threads:
  0x000000001a1f7800 VMThread [stack: 0x000000001b290000,0x000000001b390000] [id=36892]
  0x000000001b98e000 WatcherThread [stack: 0x000000001ca90000,0x000000001cb90000] [id=28572]

VM state:at safepoint (normal execution)

VM Mutex/Monitor currently owned by a thread:  ([mutex/lock_event])
[0x0000000003063fb0] Threads_lock - owner thread: 0x000000001a1f7800
[0x0000000003064e40] Heap_lock - owner thread: 0x000000001b92a000
[0x00000000030650c0] MethodData_lock - owner thread: 0x000000001b92a000

Heap:
 PSYoungGen      total 158208K, used 7512K [0x0000000780600000, 0x000000078e500000, 0x00000007c0000000)
  eden space 145408K, 0% used [0x0000000780600000,0x0000000780600000,0x0000000789400000)
  from space 12800K, 58% used [0x0000000789400000,0x0000000789b561a0,0x000000078a080000)
  to   space 12288K, 0% used [0x000000078d900000,0x000000078d900000,0x000000078e500000)
 ParOldGen       total 87040K, used 19704K [0x0000000701200000, 0x0000000706700000, 0x0000000780600000)
  object space 87040K, 22% used [0x0000000701200000,0x000000070253e290,0x0000000706700000)
 Metaspace       used 34741K, capacity 35084K, committed 35416K, reserved 1081344K
  class space    used 4311K, capacity 4401K, committed 4480K, reserved 1048576K

Card table byte_map: [0x0000000012520000,0x0000000012b20000] byte_map_base: 0x000000000ed17000

Marking Bits: (ParMarkBitMap*) 0x0000000071043e30
 Begin Bits: [0x0000000013320000, 0x00000000162d8000)
 End Bits:   [0x00000000162d8000, 0x0000000019290000)

Polling page: 0x0000000000bd0000

CodeCache: size=245760Kb used=15356Kb max_used=16078Kb free=230403Kb
 bounds [0x0000000003160000, 0x0000000004130000, 0x0000000012160000]
 total_blobs=3871 nmethods=3239 adapters=552
 compilation: enabled

Compilation events (10 events):
Event: 35.117 Thread 0x000000001b92a000 nmethod 3847 0x0000000003c12b10 code [0x0000000003c12ec0, 0x0000000003c15288]
Event: 35.118 Thread 0x000000001b92a000 3848       3       java.util.regex.Pattern$Slice::<init> (6 bytes)
Event: 35.118 Thread 0x000000001b92a000 nmethod 3848 0x0000000003c106d0 code [0x0000000003c10840, 0x0000000003c10af0]
Event: 35.118 Thread 0x000000001b92a000 3849       3       java.util.regex.Pattern$BnM::optimize (179 bytes)
Event: 35.119 Thread 0x000000001b92a000 nmethod 3849 0x0000000003c16890 code [0x0000000003c16aa0, 0x0000000003c17708]
Event: 35.120 Thread 0x000000001b92a000 3850       3       java.util.regex.Pattern::newSlice (181 bytes)
Event: 35.121 Thread 0x000000001b92a000 nmethod 3850 0x0000000003949bd0 code [0x0000000003949ea0, 0x000000000394afe8]
Event: 35.122 Thread 0x000000001b92a000 3851       3       java.util.regex.Pattern::RemoveQEQuoting (346 bytes)
Event: 35.124 Thread 0x000000001b92a000 nmethod 3851 0x00000000034d5890 code [0x00000000034d5ae0, 0x00000000034d6c18]
Event: 35.124 Thread 0x000000001b92a000 3852       3       java.util.regex.Pattern::sequence (553 bytes)

GC Heap History (10 events):
Event: 19.615 GC heap after
Heap after GC invocations=10 (full 1):
 PSYoungGen      total 90112K, used 6677K [0x0000000780600000, 0x0000000788900000, 0x00000007c0000000)
  eden space 75264K, 0% used [0x0000000780600000,0x0000000780600000,0x0000000784f80000)
  from space 14848K, 44% used [0x0000000784f80000,0x0000000785605750,0x0000000785e00000)
  to   space 14336K, 0% used [0x0000000787b00000,0x0000000787b00000,0x0000000788900000)
 ParOldGen       total 87040K, used 12714K [0x0000000701200000, 0x0000000706700000, 0x0000000780600000)
  object space 87040K, 14% used [0x0000000701200000,0x0000000701e6aa30,0x0000000706700000)
 Metaspace       used 25039K, capacity 25354K, committed 25728K, reserved 1071104K
  class space    used 3020K, capacity 3116K, committed 3200K, reserved 1048576K
}
Event: 21.505 GC heap before
{Heap before GC invocations=11 (full 1):
 PSYoungGen      total 90112K, used 81941K [0x0000000780600000, 0x0000000788900000, 0x00000007c0000000)
  eden space 75264K, 100% used [0x0000000780600000,0x0000000784f80000,0x0000000784f80000)
  from space 14848K, 44% used [0x0000000784f80000,0x0000000785605750,0x0000000785e00000)
  to   space 14336K, 0% used [0x0000000787b00000,0x0000000787b00000,0x0000000788900000)
 ParOldGen       total 87040K, used 12714K [0x0000000701200000, 0x0000000706700000, 0x0000000780600000)
  object space 87040K, 14% used [0x0000000701200000,0x0000000701e6aa30,0x0000000706700000)
 Metaspace       used 26251K, capacity 26562K, committed 27008K, reserved 1073152K
  class space    used 3264K, capacity 3344K, committed 3456K, reserved 1048576K
Event: 21.524 GC heap after
Heap after GC invocations=11 (full 1):
 PSYoungGen      total 117760K, used 6649K [0x0000000780600000, 0x0000000788780000, 0x00000007c0000000)
  eden space 104960K, 0% used [0x0000000780600000,0x0000000780600000,0x0000000786c80000)
  from space 12800K, 51% used [0x0000000787b00000,0x000000078817e488,0x0000000788780000)
  to   space 13824K, 0% used [0x0000000786c80000,0x0000000786c80000,0x0000000787a00000)
 ParOldGen       total 87040K, used 13899K [0x0000000701200000, 0x0000000706700000, 0x0000000780600000)
  object space 87040K, 15% used [0x0000000701200000,0x0000000701f92ca8,0x0000000706700000)
 Metaspace       used 26251K, capacity 26562K, committed 27008K, reserved 1073152K
  class space    used 3264K, capacity 3344K, committed 3456K, reserved 1048576K
}
Event: 23.751 GC heap before
{Heap before GC invocations=12 (full 1):
 PSYoungGen      total 117760K, used 111609K [0x0000000780600000, 0x0000000788780000, 0x00000007c0000000)
  eden space 104960K, 100% used [0x0000000780600000,0x0000000786c80000,0x0000000786c80000)
  from space 12800K, 51% used [0x0000000787b00000,0x000000078817e488,0x0000000788780000)
  to   space 13824K, 0% used [0x0000000786c80000,0x0000000786c80000,0x0000000787a00000)
 ParOldGen       total 87040K, used 13899K [0x0000000701200000, 0x0000000706700000, 0x0000000780600000)
  object space 87040K, 15% used [0x0000000701200000,0x0000000701f92ca8,0x0000000706700000)
 Metaspace       used 27842K, capacity 28186K, committed 28416K, reserved 1075200K
  class space    used 3459K, capacity 3540K, committed 3584K, reserved 1048576K
Event: 23.811 GC heap after
Heap after GC invocations=12 (full 1):
 PSYoungGen      total 118784K, used 7242K [0x0000000780600000, 0x000000078b180000, 0x00000007c0000000)
  eden space 104960K, 0% used [0x0000000780600000,0x0000000780600000,0x0000000786c80000)
  from space 13824K, 52% used [0x0000000786c80000,0x00000007873929e0,0x0000000787a00000)
  to   space 13312K, 0% used [0x000000078a480000,0x000000078a480000,0x000000078b180000)
 ParOldGen       total 87040K, used 14923K [0x0000000701200000, 0x0000000706700000, 0x0000000780600000)
  object space 87040K, 17% used [0x0000000701200000,0x0000000702092eb0,0x0000000706700000)
 Metaspace       used 27842K, capacity 28186K, committed 28416K, reserved 1075200K
  class space    used 3459K, capacity 3540K, committed 3584K, reserved 1048576K
}
Event: 31.583 GC heap before
{Heap before GC invocations=13 (full 1):
 PSYoungGen      total 118784K, used 112202K [0x0000000780600000, 0x000000078b180000, 0x00000007c0000000)
  eden space 104960K, 100% used [0x0000000780600000,0x0000000786c80000,0x0000000786c80000)
  from space 13824K, 52% used [0x0000000786c80000,0x00000007873929e0,0x0000000787a00000)
  to   space 13312K, 0% used [0x000000078a480000,0x000000078a480000,0x000000078b180000)
 ParOldGen       total 87040K, used 14923K [0x0000000701200000, 0x0000000706700000, 0x0000000780600000)
  object space 87040K, 17% used [0x0000000701200000,0x0000000702092eb0,0x0000000706700000)
 Metaspace       used 31153K, capacity 31504K, committed 32000K, reserved 1077248K
  class space    used 3900K, capacity 3997K, committed 4096K, reserved 1048576K
Event: 31.607 GC heap after
Heap after GC invocations=13 (full 1):
 PSYoungGen      total 154112K, used 6733K [0x0000000780600000, 0x000000078ad00000, 0x00000007c0000000)
  eden space 145408K, 0% used [0x0000000780600000,0x0000000780600000,0x0000000789400000)
  from space 8704K, 77% used [0x000000078a480000,0x000000078ab136a0,0x000000078ad00000)
  to   space 12800K, 0% used [0x0000000789400000,0x0000000789400000,0x000000078a080000)
 ParOldGen       total 87040K, used 15603K [0x0000000701200000, 0x0000000706700000, 0x0000000780600000)
  object space 87040K, 17% used [0x0000000701200000,0x000000070213ceb0,0x0000000706700000)
 Metaspace       used 31153K, capacity 31504K, committed 32000K, reserved 1077248K
  class space    used 3900K, capacity 3997K, committed 4096K, reserved 1048576K
}
Event: 35.125 GC heap before
{Heap before GC invocations=14 (full 1):
 PSYoungGen      total 154112K, used 130680K [0x0000000780600000, 0x000000078ad00000, 0x00000007c0000000)
  eden space 145408K, 85% used [0x0000000780600000,0x0000000787f0ab90,0x0000000789400000)
  from space 8704K, 77% used [0x000000078a480000,0x000000078ab136a0,0x000000078ad00000)
  to   space 12800K, 0% used [0x0000000789400000,0x0000000789400000,0x000000078a080000)
 ParOldGen       total 87040K, used 15603K [0x0000000701200000, 0x0000000706700000, 0x0000000780600000)
  object space 87040K, 17% used [0x0000000701200000,0x000000070213ceb0,0x0000000706700000)
 Metaspace       used 34741K, capacity 35084K, committed 35416K, reserved 1081344K
  class space    used 4311K, capacity 4401K, committed 4480K, reserved 1048576K
Event: 35.193 GC heap after
Heap after GC invocations=14 (full 1):
 PSYoungGen      total 158208K, used 7512K [0x0000000780600000, 0x000000078e500000, 0x00000007c0000000)
  eden space 145408K, 0% used [0x0000000780600000,0x0000000780600000,0x0000000789400000)
  from space 12800K, 58% used [0x0000000789400000,0x0000000789b561a0,0x000000078a080000)
  to   space 12288K, 0% used [0x000000078d900000,0x000000078d900000,0x000000078e500000)
 ParOldGen       total 87040K, used 19704K [0x0000000701200000, 0x0000000706700000, 0x0000000780600000)
  object space 87040K, 22% used [0x0000000701200000,0x000000070253e290,0x0000000706700000)
 Metaspace       used 34741K, capacity 35084K, committed 35416K, reserved 1081344K
  class space    used 4311K, capacity 4401K, committed 4480K, reserved 1048576K
}
Event: 35.193 GC heap before
{Heap before GC invocations=15 (full 2):
 PSYoungGen      total 158208K, used 7512K [0x0000000780600000, 0x000000078e500000, 0x00000007c0000000)
  eden space 145408K, 0% used [0x0000000780600000,0x0000000780600000,0x0000000789400000)
  from space 12800K, 58% used [0x0000000789400000,0x0000000789b561a0,0x000000078a080000)
  to   space 12288K, 0% used [0x000000078d900000,0x000000078d900000,0x000000078e500000)
 ParOldGen       total 87040K, used 19704K [0x0000000701200000, 0x0000000706700000, 0x0000000780600000)
  object space 87040K, 22% used [0x0000000701200000,0x000000070253e290,0x0000000706700000)
 Metaspace       used 34741K, capacity 35084K, committed 35416K, reserved 1081344K
  class space    used 4311K, capacity 4401K, committed 4480K, reserved 1048576K

Deoptimization events (10 events):
Event: 31.868 Thread 0x0000000003067000 Uncommon trap: reason=unstable_if action=reinterpret pc=0x0000000003a744c4 method=org.springframework.util.ConcurrentReferenceHashMap$Segment.findInChain(Lorg/springframework/util/ConcurrentReferenceHashMap$Reference;Ljava/lang/Object;I)Lorg/springframewo
Event: 31.868 Thread 0x0000000003067000 Uncommon trap: reason=unstable_if action=reinterpret pc=0x0000000003a7ce48 method=org.springframework.util.ConcurrentReferenceHashMap$Segment.findInChain(Lorg/springframework/util/ConcurrentReferenceHashMap$Reference;Ljava/lang/Object;I)Lorg/springframewo
Event: 32.662 Thread 0x0000000003067000 Uncommon trap: reason=unstable_if action=reinterpret pc=0x0000000003f2bc6c method=sun.reflect.generics.reflectiveObjects.WildcardTypeImpl.getLowerBounds()[Ljava/lang/reflect/Type; @ 23
Event: 33.389 Thread 0x0000000003067000 Uncommon trap: reason=unstable_if action=reinterpret pc=0x0000000003f7e4d4 method=org.springframework.beans.factory.support.AbstractBeanFactory.isTypeMatch(Ljava/lang/String;Lorg/springframework/core/ResolvableType;)Z @ 478
Event: 33.469 Thread 0x0000000003067000 Uncommon trap: reason=unstable_if action=reinterpret pc=0x0000000003783a9c method=org.springframework.util.StringUtils.delimitedListToStringArray(Ljava/lang/String;Ljava/lang/String;Ljava/lang/String;)[Ljava/lang/String; @ 133
Event: 33.469 Thread 0x0000000003067000 Uncommon trap: reason=unstable_if action=reinterpret pc=0x0000000003a221bc method=org.springframework.util.CollectionUtils.isEmpty(Ljava/util/Collection;)Z @ 10
Event: 33.847 Thread 0x0000000003067000 Uncommon trap: reason=unstable_if action=reinterpret pc=0x0000000003e5a260 method=org.springframework.beans.factory.support.DefaultSingletonBeanRegistry.getSingleton(Ljava/lang/String;Z)Ljava/lang/Object; @ 47
Event: 34.027 Thread 0x0000000003067000 Uncommon trap: reason=unstable_if action=reinterpret pc=0x0000000003f16868 method=java.lang.reflect.Modifier.toString(I)Ljava/lang/String; @ 123
Event: 34.307 Thread 0x0000000003067000 Uncommon trap: reason=unstable_if action=reinterpret pc=0x0000000003b4ede4 method=java.util.WeakHashMap.put(Ljava/lang/Object;Ljava/lang/Object;)Ljava/lang/Object; @ 47
Event: 34.921 Thread 0x0000000003067000 Uncommon trap: reason=unstable_if action=reinterpret pc=0x0000000003953270 method=java.lang.ClassLoader.getClassLoadingLock(Ljava/lang/String;)Ljava/lang/Object; @ 6

Classes redefined (0 events):
No events

Internal exceptions (10 events):
Event: 34.979 Thread 0x0000000003067000 Exception <a 'java/lang/ClassNotFoundException': nz/net/ultraq/thymeleaf/LayoutDialectCustomizer> (0x0000000787a95250) thrown at [C:\re\workspace\8-2-build-windows-amd64-cygwin\jdk8u191\11896\hotspot\src\share\vm\classfile\systemDictionary.cpp, line 210]
Event: 34.983 Thread 0x0000000003067000 Exception <a 'java/lang/ClassNotFoundException': java/lang/ObjectCustomizer> (0x0000000787ab1578) thrown at [C:\re\workspace\8-2-build-windows-amd64-cygwin\jdk8u191\11896\hotspot\src\share\vm\classfile\systemDictionary.cpp, line 210]
Event: 34.985 Thread 0x0000000003067000 Exception <a 'java/lang/ClassNotFoundException': org/thymeleaf/dialect/AbstractDialectCustomizer> (0x0000000787acb1c8) thrown at [C:\re\workspace\8-2-build-windows-amd64-cygwin\jdk8u191\11896\hotspot\src\share\vm\classfile\systemDictionary.cpp, line 210]
Event: 34.987 Thread 0x0000000003067000 Exception <a 'java/lang/ClassNotFoundException': nz/net/ultraq/thymeleaf/LayoutDialectCustomizer> (0x0000000787ae7a60) thrown at [C:\re\workspace\8-2-build-windows-amd64-cygwin\jdk8u191\11896\hotspot\src\share\vm\classfile\systemDictionary.cpp, line 210]
Event: 34.990 Thread 0x0000000003067000 Exception <a 'java/lang/ClassNotFoundException': groovy/lang/GroovyObjectCustomizer> (0x0000000787b0bd98) thrown at [C:\re\workspace\8-2-build-windows-amd64-cygwin\jdk8u191\11896\hotspot\src\share\vm\classfile\systemDictionary.cpp, line 210]
Event: 34.991 Thread 0x0000000003067000 Exception <a 'java/lang/ClassNotFoundException': org/thymeleaf/dialect/IDialectCustomizer> (0x0000000787b24050) thrown at [C:\re\workspace\8-2-build-windows-amd64-cygwin\jdk8u191\11896\hotspot\src\share\vm\classfile\systemDictionary.cpp, line 210]
Event: 35.037 Thread 0x0000000003067000 Exception <a 'java/lang/ClassNotFoundException': java/lang/ObjectCustomizer> (0x0000000787b75ff0) thrown at [C:\re\workspace\8-2-build-windows-amd64-cygwin\jdk8u191\11896\hotspot\src\share\vm\classfile\systemDictionary.cpp, line 210]
Event: 35.038 Thread 0x0000000003067000 Exception <a 'java/lang/ClassNotFoundException': org/springframework/boot/autoconfigure/thymeleaf/ThymeleafAutoConfiguration$ThymeleafDefaultConfigurationCustomizer> (0x0000000787ba0f10) thrown at [C:\re\workspace\8-2-build-windows-amd64-cygwin\jdk8u191\1
Event: 35.045 Thread 0x0000000003067000 Exception <a 'java/lang/ClassNotFoundException': org/springframework/boot/autoconfigure/thymeleaf/ThymeleafAutoConfiguration$ThymeleafDefaultConfiguration$$EnhancerBySpringCGLIB$$337380eaCustomizer> (0x0000000787bd2c90) thrown at [C:\re\workspace\8-2-buil
Event: 35.046 Thread 0x0000000003067000 Exception <a 'java/lang/ClassNotFoundException': org/springframework/context/annotation/ConfigurationClassEnhancer$EnhancedConfigurationCustomizer> (0x0000000787bfc670) thrown at [C:\re\workspace\8-2-build-windows-amd64-cygwin\jdk8u191\11896\hotspot\src\s

Events (10 events):
Event: 35.088 Thread 0x0000000003067000 DEOPT UNPACKING pc=0x00000000031a7890 sp=0x0000000002e89190 mode 1
Event: 35.112 loading class org/thymeleaf/Standards
Event: 35.112 loading class org/thymeleaf/Standards done
Event: 35.112 Thread 0x0000000003067000 DEOPT PACKING pc=0x000000000333eac9 sp=0x0000000002e89000
Event: 35.112 Thread 0x0000000003067000 DEOPT UNPACKING pc=0x00000000031a7890 sp=0x0000000002e88d50 mode 1
Event: 35.112 Thread 0x0000000003067000 DEOPT PACKING pc=0x0000000003ac5134 sp=0x0000000002e89080
Event: 35.112 Thread 0x0000000003067000 DEOPT UNPACKING pc=0x00000000031a7890 sp=0x0000000002e88ea0 mode 1
Event: 35.112 Thread 0x0000000003067000 DEOPT PACKING pc=0x0000000003ac4ecc sp=0x0000000002e89210
Event: 35.112 Thread 0x0000000003067000 DEOPT UNPACKING pc=0x00000000031a7890 sp=0x0000000002e89030 mode 1
Event: 35.124 Executing VM operation: CollectForMetadataAllocation


Dynamic libraries:
0x00007ff6a5770000 - 0x00007ff6a57a7000 	D:\Java_dev\Java\jdk1.8.0_191\bin\java.exe
0x00007fff72ad0000 - 0x00007fff72cb1000 	C:\WINDOWS\SYSTEM32\ntdll.dll
0x00007fff728b0000 - 0x00007fff72961000 	C:\WINDOWS\System32\KERNEL32.DLL
0x00007fff6f330000 - 0x00007fff6f5a3000 	C:\WINDOWS\System32\KERNELBASE.dll
0x00007fff71890000 - 0x00007fff71931000 	C:\WINDOWS\System32\ADVAPI32.dll
0x00007fff723f0000 - 0x00007fff7248e000 	C:\WINDOWS\System32\msvcrt.dll
0x00007fff721c0000 - 0x00007fff7221b000 	C:\WINDOWS\System32\sechost.dll
0x00007fff725f0000 - 0x00007fff72714000 	C:\WINDOWS\System32\RPCRT4.dll
0x00007fff72720000 - 0x00007fff728b0000 	C:\WINDOWS\System32\USER32.dll
0x00007fff6f1e0000 - 0x00007fff6f200000 	C:\WINDOWS\System32\win32u.dll
0x00007fff725c0000 - 0x00007fff725e8000 	C:\WINDOWS\System32\GDI32.dll
0x00007fff6fcc0000 - 0x00007fff6fe52000 	C:\WINDOWS\System32\gdi32full.dll
0x00007fff6fe60000 - 0x00007fff6feff000 	C:\WINDOWS\System32\msvcp_win.dll
0x00007fff6f090000 - 0x00007fff6f188000 	C:\WINDOWS\System32\ucrtbase.dll
0x00007fff62ad0000 - 0x00007fff62d39000 	C:\WINDOWS\WinSxS\amd64_microsoft.windows.common-controls_6595b64144ccf1df_6.0.17134.706_none_fb43a2cb30647007\COMCTL32.dll
0x00007fff71560000 - 0x00007fff71882000 	C:\WINDOWS\System32\combase.dll
0x00007fff6f200000 - 0x00007fff6f27a000 	C:\WINDOWS\System32\bcryptPrimitives.dll
0x00007fff71940000 - 0x00007fff7196d000 	C:\WINDOWS\System32\IMM32.DLL
0x00000000722d0000 - 0x00000000723a2000 	D:\Java_dev\Java\jdk1.8.0_191\jre\bin\msvcr100.dll
0x0000000070820000 - 0x00000000710c4000 	D:\Java_dev\Java\jdk1.8.0_191\jre\bin\server\jvm.dll
0x00007fff71440000 - 0x00007fff71448000 	C:\WINDOWS\System32\PSAPI.DLL
0x00007fff53c10000 - 0x00007fff53c19000 	C:\WINDOWS\SYSTEM32\WSOCK32.dll
0x00007fff6ba70000 - 0x00007fff6ba93000 	C:\WINDOWS\SYSTEM32\WINMM.dll
0x00007fff72380000 - 0x00007fff723ec000 	C:\WINDOWS\System32\WS2_32.dll
0x00007fff6ba40000 - 0x00007fff6ba6a000 	C:\WINDOWS\SYSTEM32\WINMMBASE.dll
0x00007fff60870000 - 0x00007fff6087a000 	C:\WINDOWS\SYSTEM32\VERSION.dll
0x00007fff6f190000 - 0x00007fff6f1d9000 	C:\WINDOWS\System32\cfgmgr32.dll
0x0000000073b70000 - 0x0000000073b7f000 	D:\Java_dev\Java\jdk1.8.0_191\jre\bin\verify.dll
0x0000000073b40000 - 0x0000000073b69000 	D:\Java_dev\Java\jdk1.8.0_191\jre\bin\java.dll
0x0000000072730000 - 0x0000000072765000 	D:\Java_dev\Java\jdk1.8.0_191\jre\bin\jdwp.dll
0x0000000073730000 - 0x0000000073738000 	D:\Java_dev\Java\jdk1.8.0_191\jre\bin\npt.dll
0x0000000072700000 - 0x0000000072723000 	D:\Java_dev\Java\jdk1.8.0_191\jre\bin\instrument.dll
0x0000000073b20000 - 0x0000000073b36000 	D:\Java_dev\Java\jdk1.8.0_191\jre\bin\zip.dll
0x00007fff6ff60000 - 0x00007fff713a0000 	C:\WINDOWS\System32\SHELL32.dll
0x00007fff72490000 - 0x00007fff72539000 	C:\WINDOWS\System32\shcore.dll
0x00007fff6f5b0000 - 0x00007fff6fcbd000 	C:\WINDOWS\System32\windows.storage.dll
0x00007fff72a40000 - 0x00007fff72a91000 	C:\WINDOWS\System32\shlwapi.dll
0x00007fff6ee80000 - 0x00007fff6ee91000 	C:\WINDOWS\System32\kernel.appcore.dll
0x00007fff6ede0000 - 0x00007fff6edff000 	C:\WINDOWS\System32\profapi.dll
0x00007fff6ee10000 - 0x00007fff6ee5c000 	C:\WINDOWS\System32\powrprof.dll
0x00007fff6ee00000 - 0x00007fff6ee0a000 	C:\WINDOWS\System32\FLTLIB.DLL
0x00000000726f0000 - 0x00000000726f9000 	D:\Java_dev\Java\jdk1.8.0_191\jre\bin\dt_socket.dll
0x00007fff6e660000 - 0x00007fff6e6c6000 	C:\WINDOWS\system32\mswsock.dll
0x00000000722c0000 - 0x00000000722cd000 	D:\Java_dev\Java\jdk1.8.0_191\jre\bin\management.dll
0x0000000073b00000 - 0x0000000073b1a000 	D:\Java_dev\Java\jdk1.8.0_191\jre\bin\net.dll
0x00007fff52820000 - 0x00007fff52836000 	C:\WINDOWS\system32\napinsp.dll
0x00007fff526d0000 - 0x00007fff526ea000 	C:\WINDOWS\system32\pnrpnsp.dll
0x00007fff6bbf0000 - 0x00007fff6bc09000 	C:\WINDOWS\system32\NLAapi.dll
0x00007fff6e420000 - 0x00007fff6e4de000 	C:\WINDOWS\SYSTEM32\DNSAPI.dll
0x00007fff71550000 - 0x00007fff71558000 	C:\WINDOWS\System32\NSI.dll
0x00007fff6e3e0000 - 0x00007fff6e418000 	C:\WINDOWS\SYSTEM32\IPHLPAPI.DLL
0x00007fff520e0000 - 0x00007fff520ee000 	C:\WINDOWS\System32\winrnr.dll
0x00007fff520c0000 - 0x00007fff520d5000 	C:\WINDOWS\System32\wshbth.dll
0x00007fff5a7f0000 - 0x00007fff5a7fa000 	C:\Windows\System32\rasadhlp.dll
0x00007fff5da10000 - 0x00007fff5da82000 	C:\WINDOWS\System32\fwpuclnt.dll
0x00007fff6e940000 - 0x00007fff6e965000 	C:\WINDOWS\SYSTEM32\bcrypt.dll
0x0000000073ae0000 - 0x0000000073af1000 	D:\Java_dev\Java\jdk1.8.0_191\jre\bin\nio.dll

VM Arguments:
jvm_args: -agentlib:jdwp=transport=dt_socket,address=127.0.0.1:63589,suspend=y,server=n -ea -Didea.test.cyclic.buffer.size=1048576 -javaagent:C:\Users\USER\.IntelliJIdea2019.1\system\captureAgent\debugger-agent.jar -Dfile.encoding=UTF-8 
java_command: com.intellij.rt.execution.junit.JUnitStarter -ideVersion5 -junit4 com.config.RedisConfigTest,testMap
java_class_path (initial): D:\App\IntelliJ IDEA 2019.1\lib\idea_rt.jar;D:\App\IntelliJ IDEA 2019.1\plugins\junit\lib\junit-rt.jar;D:\App\IntelliJ IDEA 2019.1\plugins\junit\lib\junit5-rt.jar;D:\Java_dev\Java\jdk1.8.0_191\jre\lib\charsets.jar;D:\Java_dev\Java\jdk1.8.0_191\jre\lib\deploy.jar;D:\Java_dev\Java\jdk1.8.0_191\jre\lib\ext\access-bridge-64.jar;D:\Java_dev\Java\jdk1.8.0_191\jre\lib\ext\cldrdata.jar;D:\Java_dev\Java\jdk1.8.0_191\jre\lib\ext\dnsns.jar;D:\Java_dev\Java\jdk1.8.0_191\jre\lib\ext\jaccess.jar;D:\Java_dev\Java\jdk1.8.0_191\jre\lib\ext\jfxrt.jar;D:\Java_dev\Java\jdk1.8.0_191\jre\lib\ext\localedata.jar;D:\Java_dev\Java\jdk1.8.0_191\jre\lib\ext\nashorn.jar;D:\Java_dev\Java\jdk1.8.0_191\jre\lib\ext\sunec.jar;D:\Java_dev\Java\jdk1.8.0_191\jre\lib\ext\sunjce_provider.jar;D:\Java_dev\Java\jdk1.8.0_191\jre\lib\ext\sunmscapi.jar;D:\Java_dev\Java\jdk1.8.0_191\jre\lib\ext\sunpkcs11.jar;D:\Java_dev\Java\jdk1.8.0_191\jre\lib\ext\zipfs.jar;D:\Java_dev\Java\jdk1.8.0_191\jre\lib\javaws.jar;D:\Java_dev\Java\jdk1.8.0_191\jre\lib\jce.jar;D:\Java_dev\Java\jdk1.8.0_191\jre\lib\jfr.jar;D:\Java_dev\Java\jdk1.8.0_191\jre\lib\jfxswt.jar;D:\Java_dev\Java\jdk1.8.0_191\jre\lib\jsse.jar;D:\Java_dev\Java\jdk1.8.0_191\jre\lib\management-agent.jar;D:\Java_dev\Java\jdk1.8.0_191\jre\lib\plugin.jar;D:\Java_dev\Java\jdk1.8.0_191\jre\lib\resources.jar;D:\Java_dev\Java\jdk1.8.0_191\jre\lib\rt.jar;E:\JAVA\Java_dev\git_repository\My Demo\springbootRedis-RedisTemplate\target\test-classes;E:\JAVA\Java_dev\git_repository\My Demo\springbootRedis-RedisTemplate\target\classes;E:\JAVA\Java_dev\maven-repository\org\springframework\boot\spring-boot-starter-web\1.5.1.RELEASE\spring-boot-starter-web-1.5.1.RELEASE.jar;E:\JAVA\Java_dev\maven-repository\org\springframework\boot\spring-boot-starter\1.5.1.RELEASE\spring-boot-starter-1.5.1.RELEASE.jar;E:\JAVA\Java_dev\maven-repository\org\springframework\boot\spring-boot\1.5.1.RELEASE\spring-boot-1.5.1.RELEASE.jar;E:\JAVA\Java_dev\maven-repository\org\spr
Launcher Type: SUN_STANDARD

Environment Variables:
JAVA_HOME=D:\Java_dev\Java\jdk1.8.0_191
JRE_HOME=D:\Java_dev\Java\jre1.8.0_191
CLASSPATH=.;D:\Java_dev\Java\jdk1.8.0_191\bin;D:\Java_dev\Java\jdk1.8.0_191\lib\dt.jar;D:\Java_dev\Java\jdk1.8.0_191\lib\tools.jar
PATH=C:\Program Files (x86)\Common Files\Oracle\Java\javapath;D:\Java_dev\app\USER\product\11.2.0\dbhome_1\bin;C:\WINDOWS\system32;C:\WINDOWS;C:\WINDOWS\System32\Wbem;C:\WINDOWS\System32\WindowsPowerShell\v1.0\;D:\Java_dev\Java\jdk1.8.0_191\bin;D:\Java_dev\Java\jdk1.8.0_191\jre\bin;C:\WINDOWS\System32\OpenSSH\;D:\Java_dev\mysql-5.7.24-winx64\bin;E:\JAVA\Java_dev\apache-maven-3.6.0\bin;D:\App\PuTTY\;D:\App\TortoiseGit\bin;C:\Users\USER\AppData\Local\Microsoft\WindowsApps;
USERNAME=USER
OS=Windows_NT
PROCESSOR_IDENTIFIER=Intel64 Family 6 Model 69 Stepping 1, GenuineIntel



---------------  S Y S T E M  ---------------

OS: Windows 10.0 , 64 bit Build 17134 (10.0.17134.706)

CPU:total 4 (initial active 4) (2 cores per cpu, 2 threads per core) family 6 model 69 stepping 1, cmov, cx8, fxsr, mmx, sse, sse2, sse3, ssse3, sse4.1, sse4.2, popcnt, avx, avx2, aes, clmul, erms, lzcnt, ht, tsc, tscinvbit, bmi1, bmi2

Memory: 4k page, physical 12504344k(3931140k free), swap 18727988k(7256k free)

vm_info: Java HotSpot(TM) 64-Bit Server VM (25.191-b12) for windows-amd64 JRE (1.8.0_191-b12), built on Oct  6 2018 09:29:03 by "java_re" with MS VC++ 10.0 (VS2010)

time: Sun May 19 06:38:33 2019
elapsed time: 35 seconds (0d 0h 0m 35s)

